<?xml version="1.0" encoding="UTF-8"?>
<!-- Generated by org.testng.reporters.JUnitXMLReporter -->
<testsuite hostname="DESKTOP-BRD9DLO" ignored="0" name="Testng_Yahoo" tests="1" failures="1" timestamp="2020-09-24T22:17:48 EDT" time="0.004" errors="0">
  <testcase name="testingYahoo" time="0.0" classname="SELENIUMCODE.Testng_Yahoo">
    <failure type="org.testng.TestNGException" message="
Parameter &amp;apos;BrowserY&amp;apos; is required by @Test on method testingYahoo but has not been marked @Optional or defined
in C:\Users\13472\eclipse-workspace\SELENIUM_MAVEN_PROJECT\testng.xml">
      <![CDATA[org.testng.TestNGException: 
Parameter 'BrowserY' is required by @Test on method testingYahoo but has not been marked @Optional or defined
in C:\Users\13472\eclipse-workspace\SELENIUM_MAVEN_PROJECT\testng.xml
at java.util.ArrayList.forEach(Unknown Source)
... Removed 26 stack frames]]>
    </failure>
  </testcase> <!-- testingYahoo -->
</testsuite> <!-- Testng_Yahoo -->
