<?xml version="1.0" encoding="UTF-8"?>
<!-- Generated by org.testng.reporters.JUnitXMLReporter -->
<testsuite hostname="DESKTOP-BRD9DLO" ignored="0" name="Test" tests="4" failures="3" timestamp="2020-09-23T01:24:10 EDT" time="10.358" errors="0">
  <testcase name="yahootest" time="10.297" classname="SELENIUMCODE.Testng_Yahoo"/>
  <testcase name="testing" time="0.0" classname="SELENIUMCODE.Testng_Practice">
    <failure type="org.testng.TestNGException" message="
Parameter &amp;apos;Browser&amp;apos; is required by @Test on method testing but has not been marked @Optional or defined
in C:\Users\13472\eclipse-workspace\SELENIUM_MAVEN_PROJECT\testng.xml">
      <![CDATA[org.testng.TestNGException: 
Parameter 'Browser' is required by @Test on method testing but has not been marked @Optional or defined
in C:\Users\13472\eclipse-workspace\SELENIUM_MAVEN_PROJECT\testng.xml
at java.util.ArrayList.forEach(Unknown Source)
... Removed 26 stack frames]]>
    </failure>
  </testcase> <!-- testing -->
  <testcase name="loginpage" time="0.003" classname="SELENIUMCODE.Testng_Practice">
    <failure type="java.lang.NullPointerException">
      <![CDATA[java.lang.NullPointerException
at SELENIUMCODE.Testng_Practice.loginpage(Testng_Practice.java:30)
at java.util.ArrayList.forEach(Unknown Source)
... Removed 27 stack frames]]>
    </failure>
  </testcase> <!-- loginpage -->
  <testcase name="openaccount" time="0.002" classname="SELENIUMCODE.Testng_Practice">
    <failure type="java.lang.NullPointerException">
      <![CDATA[java.lang.NullPointerException
at SELENIUMCODE.Testng_Practice.openaccount(Testng_Practice.java:35)
at java.util.ArrayList.forEach(Unknown Source)
... Removed 27 stack frames]]>
    </failure>
  </testcase> <!-- openaccount -->
</testsuite> <!-- Test -->
